<?xml version="1.0" encoding="UTF-8"?>
<!-- Generated by org.testng.reporters.JUnitXMLReporter -->
<testsuite ignored="0" hostname="Kundan" failures="2" tests="6" name="Surefire test" time="28.63" errors="0" timestamp="2024-11-22T21:56:28 IST">
  <testcase classname="io.cucumber.testng.AbstractTestNGCucumberTests" name="runScenario" time="3.253">
    <failure type="java.lang.AssertionError" message="expected [Dashboard / nopCommerce administration] but found [Your store. Login]">
      <![CDATA[java.lang.AssertionError: expected [Dashboard / nopCommerce administration] but found [Your store. Login]
at stepDefinitions.NopCommerceSteps.user_can_see_the_dashboard(NopCommerceSteps.java:137)
at ✽.User can see the dashboard(file:///E:/Cucumber_SDET-QA/nopCommerce_Cucumber/features/AddNewCustomers.feature:10)
... Removed 6 stack frames]]>
    </failure>
  </testcase> <!-- runScenario -->
  <testcase classname="io.cucumber.testng.AbstractTestNGCucumberTests" name="runScenario" time="6.517"/>
  <testcase classname="io.cucumber.testng.AbstractTestNGCucumberTests" name="runScenario" time="6.715"/>
  <testcase classname="io.cucumber.testng.AbstractTestNGCucumberTests" name="runScenario" time="4.816"/>
  <testcase classname="io.cucumber.testng.AbstractTestNGCucumberTests" name="runScenario" time="5.065"/>
  <testcase classname="io.cucumber.testng.AbstractTestNGCucumberTests" name="runScenario" time="1.815">
    <failure type="java.lang.AssertionError" message="Login is unsuccessful">
      <![CDATA[java.lang.AssertionError: Login is unsuccessful
at stepDefinitions.NopCommerceSteps.page_title_should_be(NopCommerceSteps.java:111)
at ✽.Page title should be "Dashboard / nopCommerce administration"(file:///E:/Cucumber_SDET-QA/nopCommerce_Cucumber/features/Login.feature:22)
... Removed 1 stack frames]]>
    </failure>
  </testcase> <!-- runScenario -->
</testsuite> <!-- Surefire test -->
