<?xml version="1.0" encoding="UTF-8"?>
<!-- Generated by org.testng.reporters.JUnitReportReporter -->
<testsuite hostname="Kundan" failures="1" tests="6" name="testRunner.TestRunner" time="36.246" errors="0" timestamp="2024-11-21T23:28:32 IST" skipped="0">
  <testcase classname="testRunner.TestRunner" name="runScenario" time="5.345"/>
  <testcase classname="testRunner.TestRunner" name="runScenario" time="1.615">
    <failure message="Login is unsuccessful" type="java.lang.AssertionError">
      <![CDATA[java.lang.AssertionError: Login is unsuccessful
at org.testng.Assert.fail(Assert.java:111)
at stepDefinitions.NopCommerceSteps.page_title_should_be(NopCommerceSteps.java:111)
at âœ½.Page title should be "Dashboard / nopCommerce administration"(file:///E:/Cucumber_SDET-QA/nopCommerce_Cucumber/features/Login.feature:22)
]]>
    </failure>
  </testcase> <!-- runScenario -->
  <testcase classname="testRunner.TestRunner" name="runScenario" time="12.841"/>
  <testcase classname="testRunner.TestRunner" name="runScenario" time="5.728"/>
  <testcase classname="testRunner.TestRunner" name="runScenario" time="5.840"/>
  <testcase classname="testRunner.TestRunner" name="runScenario" time="4.877"/>
</testsuite> <!-- testRunner.TestRunner -->
