<?xml version="1.0" encoding="UTF-8"?>
<!-- Generated by org.testng.reporters.JUnitReportReporter -->
<testsuite hostname="Kundan" failures="2" tests="6" name="testRunner.TestRunner" time="28.181" errors="0" timestamp="2024-11-22T21:56:28 IST" skipped="0">
  <testcase classname="testRunner.TestRunner" name="runScenario" time="6.715"/>
  <testcase classname="testRunner.TestRunner" name="runScenario" time="1.815">
    <failure message="Login is unsuccessful" type="java.lang.AssertionError">
      <![CDATA[java.lang.AssertionError: Login is unsuccessful
at org.testng.Assert.fail(Assert.java:111)
at stepDefinitions.NopCommerceSteps.page_title_should_be(NopCommerceSteps.java:111)
at ✽.Page title should be "Dashboard / nopCommerce administration"(file:///E:/Cucumber_SDET-QA/nopCommerce_Cucumber/features/Login.feature:22)
]]>
    </failure>
  </testcase> <!-- runScenario -->
  <testcase classname="testRunner.TestRunner" name="runScenario" time="4.816"/>
  <testcase classname="testRunner.TestRunner" name="runScenario" time="6.517"/>
  <testcase classname="testRunner.TestRunner" name="runScenario" time="3.253">
    <failure message="expected [Dashboard / nopCommerce administration] but found [Your store. Login]" type="java.lang.AssertionError">
      <![CDATA[java.lang.AssertionError: expected [Dashboard / nopCommerce administration] but found [Your store. Login]
at org.testng.Assert.fail(Assert.java:111)
at org.testng.Assert.failNotEquals(Assert.java:1578)
at org.testng.Assert.assertEqualsImpl(Assert.java:150)
at org.testng.Assert.assertEquals(Assert.java:132)
at org.testng.Assert.assertEquals(Assert.java:656)
at org.testng.Assert.assertEquals(Assert.java:666)
at stepDefinitions.NopCommerceSteps.user_can_see_the_dashboard(NopCommerceSteps.java:137)
at ✽.User can see the dashboard(file:///E:/Cucumber_SDET-QA/nopCommerce_Cucumber/features/AddNewCustomers.feature:10)
]]>
    </failure>
  </testcase> <!-- runScenario -->
  <testcase classname="testRunner.TestRunner" name="runScenario" time="5.065"/>
</testsuite> <!-- testRunner.TestRunner -->
